<?xml version="1.0" encoding="UTF-8"?>
<!-- Generated by org.testng.reporters.JUnitReportReporter -->
<testsuite hostname="DESKTOP-C8I80RK" failures="0" tests="2" name="testScripts.AddingtoCart" time="16.947" errors="0" timestamp="2022-04-11T07:06:36 IST" skipped="0">
  <testcase classname="testScripts.AddingtoCart" name="tc1" time="6.762"/>
  <system-out/>
  <testcase classname="testScripts.AddingtoCart" name="tc1" time="10.185"/>
  <system-out/>
</testsuite> <!-- testScripts.AddingtoCart -->
