<?xml version="1.0" encoding="UTF-8"?>
<!-- Generated by org.testng.reporters.JUnitReportReporter -->
<testsuite hostname="DESKTOP-C8I80RK" failures="0" tests="1" name="testScripts.FacebookPage" time="55.329" errors="0" timestamp="2022-03-31T16:05:29 IST" skipped="0">
  <testcase classname="testScripts.FacebookPage" name="tc2" time="55.329"/>
  <system-out/>
</testsuite> <!-- testScripts.FacebookPage -->
